#-----------------------------------------------------------
# Vivado v2020.2 (64-bit)
# SW Build 3064766 on Wed Nov 18 09:12:45 MST 2020
# IP Build 3064653 on Wed Nov 18 14:17:31 MST 2020
# Start of session at: Wed Apr  2 09:51:27 2025
# Process ID: 14924
# Current directory: C:/Users/kccistc/Desktop/Verilog_Re/project_1
# Command line: vivado.exe -gui_launcher_event rodinguilauncherevent18264 C:\Users\kccistc\Desktop\Verilog_Re\project_1\project_1.xpr
# Log file: C:/Users/kccistc/Desktop/Verilog_Re/project_1/vivado.log
# Journal file: C:/Users/kccistc/Desktop/Verilog_Re/project_1\vivado.jou
#-----------------------------------------------------------
start_gui
open_project C:/Users/kccistc/Desktop/Verilog_Re/project_1/project_1.xpr
WARNING: [filemgmt 56-3] Default IP Output Path : Could not find the directory 'C:/Users/kccistc/Desktop/Verilog_Re/project_1/project_1.gen/sources_1'.
CRITICAL WARNING: [Project 1-19] Could not find the file 'C:/Users/kccistc/Desktop/Verilog_Re/project_1/project_1.srcs/sources_1/new/counter_up_donw.v'.
Scanning sources...
Finished scanning sources
INFO: [IP_Flow 19-234] Refreshing IP repositories
INFO: [IP_Flow 19-1704] No user IP repositories specified
INFO: [IP_Flow 19-2313] Loaded Vivado IP repository 'C:/Xilinx/Vivado/2020.2/data/ip'.
update_compile_order -fileset sources_1
export_ip_user_files -of_objects  [get_files C:/Users/kccistc/Desktop/Verilog_Re/project_1/project_1.srcs/sources_1/new/counter_up_donw.v] -no_script -reset -force -quiet
remove_files  C:/Users/kccistc/Desktop/Verilog_Re/project_1/project_1.srcs/sources_1/new/counter_up_donw.v
ERROR: [Vivado 12-106] *** Exception: java.lang.IllegalArgumentException: Comparison method violates its general contract! (See C:/Users/kccistc/Desktop/Verilog_Re/project_1/vivado_pid14924.debug)
close [ open C:/Users/kccistc/Desktop/Verilog_Re/project_1/project_1.srcs/sources_1/new/counter_up_doown.v w ]
add_files C:/Users/kccistc/Desktop/Verilog_Re/project_1/project_1.srcs/sources_1/new/counter_up_doown.v
update_compile_order -fileset sources_1
update_compile_order -fileset sources_1
